Using pre-set license
Built from '2020.3/staging' branch; Version is '2020.3.19f1 (68f137dc9bbe) revision 6877495'; Using compiler version '192528614'; Build Type 'Release'
OS: 'Windows 10 Pro; OS build 19043.1348; Version 2009; 64bit' Language: 'en' Physical Memory: 32694 MB
BatchMode: 1, IsHumanControllingUs: 0, StartBugReporterOnCrash: 0, Is64bit: 1, IsPro: 0

COMMAND LINE ARGUMENTS:
C:\Program Files\Unity\Hub\Editor\2020.3.19f1\Editor\Unity.exe
-adb2
-batchMode
-noUpm
-name
AssetImportWorker0
-projectPath
C:/Users/Retro/OneDrive/Documents/GitHub/ice-catch/ICEHOLE
-logFile
Logs/AssetImportWorker0.log
-srvPort
59860
Successfully changed project path to: C:/Users/Retro/OneDrive/Documents/GitHub/ice-catch/ICEHOLE
C:/Users/Retro/OneDrive/Documents/GitHub/ice-catch/ICEHOLE
Using Asset Import Pipeline V2.
Refreshing native plugins compatible for Editor in 42.71 ms, found 2 plugins.
Preloading 0 native plugins for Editor in 0.00 ms.
Initialize engine version: 2020.3.19f1 (68f137dc9bbe)
[Subsystems] Discovering subsystems at path C:/Program Files/Unity/Hub/Editor/2020.3.19f1/Editor/Data/Resources/UnitySubsystems
[Subsystems] Discovering subsystems at path C:/Users/Retro/OneDrive/Documents/GitHub/ice-catch/ICEHOLE/Assets
GfxDevice: creating device client; threaded=0
Direct3D:
    Version:  Direct3D 11.0 [level 11.1]
    Renderer: NVIDIA GeForce RTX 2080 SUPER (ID=0x1e81)
    Vendor:   
    VRAM:     8010 MB
    Driver:   27.21.14.5671
Initialize mono
Mono path[0] = 'C:/Program Files/Unity/Hub/Editor/2020.3.19f1/Editor/Data/Managed'
Mono path[1] = 'C:/Program Files/Unity/Hub/Editor/2020.3.19f1/Editor/Data/MonoBleedingEdge/lib/mono/unityjit'
Mono config path = 'C:/Program Files/Unity/Hub/Editor/2020.3.19f1/Editor/Data/MonoBleedingEdge/etc'
Using monoOptions --debugger-agent=transport=dt_socket,embedding=1,server=y,suspend=n,address=127.0.0.1:56236
Begin MonoManager ReloadAssembly
Registering precompiled unity dll's ...
Register platform support module: C:/Program Files/Unity/Hub/Editor/2020.3.19f1/Editor/Data/PlaybackEngines/WindowsStandaloneSupport/UnityEditor.WindowsStandalone.Extensions.dll
Registered in 0.002627 seconds.
Native extension for WindowsStandalone target not found
Refreshing native plugins compatible for Editor in 37.91 ms, found 2 plugins.
Preloading 0 native plugins for Editor in 0.00 ms.
Unable to find bridge dll in registry for Microsoft Visual Studio Tools for Unity for C:\Program Files (x86)\Microsoft Visual Studio\2019\Community\Common7\IDE\devenv.exe
Mono: successfully reloaded assembly
- Completed reload, in  2.340 seconds
Domain Reload Profiling:
	ReloadAssembly (2340ms)
		BeginReloadAssembly (77ms)
			ExecutionOrderSort (0ms)
			DisableScriptedObjects (0ms)
			BackupInstance (0ms)
			ReleaseScriptingObjects (0ms)
			CreateAndSetChildDomain (1ms)
		EndReloadAssembly (495ms)
			LoadAssemblies (71ms)
			RebuildTransferFunctionScriptingTraits (0ms)
			SetupTypeCache (211ms)
			ReleaseScriptCaches (0ms)
			RebuildScriptCaches (30ms)
			SetupLoadedEditorAssemblies (176ms)
				LogAssemblyErrors (0ms)
				InitializePlatformSupportModulesInManaged (4ms)
				SetLoadedEditorAssemblies (0ms)
				RefreshPlugins (38ms)
				BeforeProcessingInitializeOnLoad (16ms)
				ProcessInitializeOnLoadAttributes (83ms)
				ProcessInitializeOnLoadMethodAttributes (34ms)
				AfterProcessingInitializeOnLoad (0ms)
				EditorAssembliesLoaded (0ms)
			ExecutionOrderSort2 (0ms)
			AwakeInstancesAfterBackupRestoration (0ms)
Platform modules already initialized, skipping
Registering precompiled user dll's ...
Registered in 0.004429 seconds.
Begin MonoManager ReloadAssembly
Native extension for WindowsStandalone target not found
Refreshing native plugins compatible for Editor in 38.01 ms, found 2 plugins.
Preloading 0 native plugins for Editor in 0.00 ms.
Mono: successfully reloaded assembly
- Completed reload, in  1.888 seconds
Domain Reload Profiling:
	ReloadAssembly (1889ms)
		BeginReloadAssembly (150ms)
			ExecutionOrderSort (0ms)
			DisableScriptedObjects (5ms)
			BackupInstance (0ms)
			ReleaseScriptingObjects (0ms)
			CreateAndSetChildDomain (18ms)
		EndReloadAssembly (1668ms)
			LoadAssemblies (96ms)
			RebuildTransferFunctionScriptingTraits (0ms)
			SetupTypeCache (297ms)
			ReleaseScriptCaches (1ms)
			RebuildScriptCaches (45ms)
			SetupLoadedEditorAssemblies (1091ms)
				LogAssemblyErrors (0ms)
				InitializePlatformSupportModulesInManaged (4ms)
				SetLoadedEditorAssemblies (0ms)
				RefreshPlugins (38ms)
				BeforeProcessingInitializeOnLoad (88ms)
				ProcessInitializeOnLoadAttributes (943ms)
				ProcessInitializeOnLoadMethodAttributes (8ms)
				AfterProcessingInitializeOnLoad (9ms)
				EditorAssembliesLoaded (0ms)
			ExecutionOrderSort2 (0ms)
			AwakeInstancesAfterBackupRestoration (7ms)
Platform modules already initialized, skipping
========================================================================
Worker process is ready to serve import requests
Launched and connected shader compiler UnityShaderCompiler.exe after 0.05 seconds
Refreshing native plugins compatible for Editor in 0.46 ms, found 2 plugins.
Preloading 0 native plugins for Editor in 0.00 ms.
Unloading 2146 Unused Serialized files (Serialized files now loaded: 0)
System memory in use before: 95.5 MB.
System memory in use after: 95.5 MB.

Unloading 19 unused Assets to reduce memory usage. Loaded Objects now: 2580.
Total: 4.276800 ms (FindLiveObjects: 0.318100 ms CreateObjectMapping: 0.052100 ms MarkObjects: 3.788400 ms  DeleteObjects: 0.116400 ms)

AssetImportParameters requested are different than current active one (requested -> active):
  custom:framework-win-MediaFoundation: 216162199b28c13a410421893ffa2e32 -> 
  custom:video-decoder-ogg-theora: a1e56fd34408186e4bbccfd4996cb3dc -> 
  custom:container-muxer-webm: aa71ff27fc2769a1b78a27578f13a17b -> 
  custom:container-demuxer-webm: 4f35f7cbe854078d1ac9338744f61a02 -> 
  custom:container-demuxer-ogg: 62fdf1f143b41e24485cea50d1cbac27 -> 
  custom:video-encoder-webm-vp8: eb34c28f22e8b96e1ab97ce403110664 -> 
  custom:video-decoder-webm-vp8: 9c59270c3fd7afecdb556c50c9e8de78 -> 
  custom:audio-decoder-ogg-vorbis: bf7c407c2cedff20999df2af8eb42d56 -> 
  custom:audio-encoder-webm-vorbis: bf7c407c2cedff20999df2af8eb42d56 -> 
========================================================================
Received Import Request.
  path: Assets/Scenes
  artifactKey: Guid(c242599e76de0e44eb26877752e567d8) Importer(815301076,1909f56bfc062723c751e8b465ee728b)
Start importing Assets/Scenes using Guid(c242599e76de0e44eb26877752e567d8) Importer(815301076,1909f56bfc062723c751e8b465ee728b)  -> (artifact id: 'f83436b49ba140b8d9faa741662c20fe') in 0.010787 seconds 
  Import took 0.014151 seconds .

========================================================================
Received Import Request.
  Time since last request: 0.000171 seconds.
  path: Assets/Scenes/FishingHole.unity
  artifactKey: Guid(9fc0d4010bbf28b4594072e72b8655ab) Importer(815301076,1909f56bfc062723c751e8b465ee728b)
Start importing Assets/Scenes/FishingHole.unity using Guid(9fc0d4010bbf28b4594072e72b8655ab) Importer(815301076,1909f56bfc062723c751e8b465ee728b)  -> (artifact id: 'b224f66323814304ab2f5a65c730b909') in 0.019315 seconds 
  Import took 0.022186 seconds .

========================================================================
Received Import Request.
  Time since last request: 69.779344 seconds.
  path: Assets/Materials
  artifactKey: Guid(7e7ed0fa0b3ab78439b71ff7b6a4cc09) Importer(815301076,1909f56bfc062723c751e8b465ee728b)
Start importing Assets/Materials using Guid(7e7ed0fa0b3ab78439b71ff7b6a4cc09) Importer(815301076,1909f56bfc062723c751e8b465ee728b)  -> (artifact id: '1a23299b299a135c87115311fe2f5031') in 0.008892 seconds 
  Import took 0.012196 seconds .

========================================================================
Received Import Request.
  Time since last request: 7.646723 seconds.
  path: Assets/Materials/Materials
  artifactKey: Guid(d8b3f8ce3ad9a3349b41fa290a1969f9) Importer(815301076,1909f56bfc062723c751e8b465ee728b)
Start importing Assets/Materials/Materials using Guid(d8b3f8ce3ad9a3349b41fa290a1969f9) Importer(815301076,1909f56bfc062723c751e8b465ee728b)  -> (artifact id: '4049ad946cf26ab0443a86af330bc8cd') in 0.003658 seconds 
  Import took 0.006852 seconds .

========================================================================
Received Import Request.
  Time since last request: 6.586977 seconds.
  path: Assets/Materials/Materials/fishing Pole Textures
  artifactKey: Guid(bf450fd04c9af0844984a563d6a09203) Importer(815301076,1909f56bfc062723c751e8b465ee728b)
Start importing Assets/Materials/Materials/fishing Pole Textures using Guid(bf450fd04c9af0844984a563d6a09203) Importer(815301076,1909f56bfc062723c751e8b465ee728b)  -> (artifact id: 'f5032f43ef7d197f2e4a6b95435491ba') in 0.008927 seconds 
  Import took 0.012051 seconds .

========================================================================
Received Import Request.
  Time since last request: 1.888864 seconds.
  path: Assets/Materials/fishing Pole_Fishing Pole_BaseColor.png
  artifactKey: Guid(12caffcf758235243843c65c0b13bf17) Importer(815301076,1909f56bfc062723c751e8b465ee728b)
Start importing Assets/Materials/fishing Pole_Fishing Pole_BaseColor.png using Guid(12caffcf758235243843c65c0b13bf17) Importer(815301076,1909f56bfc062723c751e8b465ee728b)  -> (artifact id: '12306e1cec60e07e6a040275240868ff') in 0.101555 seconds 
  Import took 0.104784 seconds .

========================================================================
Received Import Request.
  Time since last request: 42.770066 seconds.
  path: Assets/Prefab/Background_illustrations
  artifactKey: Guid(27f9953a415305441a31ab12e1d8e2b8) Importer(815301076,1909f56bfc062723c751e8b465ee728b)
Start importing Assets/Prefab/Background_illustrations using Guid(27f9953a415305441a31ab12e1d8e2b8) Importer(815301076,1909f56bfc062723c751e8b465ee728b)  -> (artifact id: '2b1eb5909a73f4ae86d09175c21efb6c') in 0.009496 seconds 
  Import took 0.012743 seconds .

========================================================================
Received Import Request.
  Time since last request: 3.122773 seconds.
  path: Assets/Prefab/Background_illustrations/Materials
  artifactKey: Guid(67aedafc7fc74d043bb961697a8eaddd) Importer(815301076,1909f56bfc062723c751e8b465ee728b)
Start importing Assets/Prefab/Background_illustrations/Materials using Guid(67aedafc7fc74d043bb961697a8eaddd) Importer(815301076,1909f56bfc062723c751e8b465ee728b)  -> (artifact id: 'fffba611b2397107c0dd21e15c1ab1a2') in 0.003153 seconds 
  Import took 0.006353 seconds .

========================================================================
Received Import Request.
  Time since last request: 0.514513 seconds.
  path: Assets/Prefab/Background_illustrations/arcticwalk_oceanglaciers.jpg
  artifactKey: Guid(c60914d216fceba41b1828c0b4b1cdaa) Importer(815301076,1909f56bfc062723c751e8b465ee728b)
Start importing Assets/Prefab/Background_illustrations/arcticwalk_oceanglaciers.jpg using Guid(c60914d216fceba41b1828c0b4b1cdaa) Importer(815301076,1909f56bfc062723c751e8b465ee728b)  -> (artifact id: '48b2a927db6d944c2fe43dfc16159994') in 0.017886 seconds 
  Import took 0.021145 seconds .

========================================================================
Received Import Request.
  Time since last request: 0.512008 seconds.
  path: Assets/Prefab/Background_illustrations/Articwalk_forest.jpg
  artifactKey: Guid(da6445f6f596d2b4d998013ad00debf8) Importer(815301076,1909f56bfc062723c751e8b465ee728b)
Start importing Assets/Prefab/Background_illustrations/Articwalk_forest.jpg using Guid(da6445f6f596d2b4d998013ad00debf8) Importer(815301076,1909f56bfc062723c751e8b465ee728b)  -> (artifact id: '0c9dd7e5b4babd77f0098bf5f40da931') in 0.016172 seconds 
  Import took 0.019411 seconds .

========================================================================
Received Import Request.
  Time since last request: 611.076264 seconds.
  path: Assets/Prefab/FishHolder.prefab
  artifactKey: Guid(bed9bbd4c4b256845a35d833a2a2ee74) Importer(815301076,1909f56bfc062723c751e8b465ee728b)
Start importing Assets/Prefab/FishHolder.prefab using Guid(bed9bbd4c4b256845a35d833a2a2ee74) Importer(815301076,1909f56bfc062723c751e8b465ee728b) The legacy Animation Clip "Take 001" cannot be used in the State "Take 001". Legacy AnimationClips are not allowed in Animator Controllers.To use this animation in this Animator Controller, you must reimport in as a Generic or Humanoid animation clip
UnityEngine.StackTraceUtility:ExtractStackTrace ()
UnityEditor.EditorUtility:Internal_InstantiateRemoveAllNonAnimationComponentsSingle (UnityEngine.Object,UnityEngine.Vector3,UnityEngine.Quaternion)
UnityEditor.EditorUtility:InstantiateRemoveAllNonAnimationComponents (UnityEngine.Object,UnityEngine.Vector3,UnityEngine.Quaternion)
UnityEditor.EditorUtility:InstantiateForAnimatorPreview (UnityEngine.Object)
UnityEditor.GameObjectInspector/PreviewData:UpdateGameObject (UnityEngine.Object)
UnityEditor.GameObjectInspector/PreviewData:.ctor (UnityEngine.Object)
UnityEditor.GameObjectInspector:GetPreviewData ()
UnityEditor.GameObjectInspector:RenderStaticPreview (string,UnityEngine.Object[],int,int)
UnityEditor.AssetPreviewUpdater:CreatePreviewForAsset (UnityEngine.Object,UnityEngine.Object[],string)

[C:\buildslave\unity\build\Editor/Src/Animation/StateMachine.cpp line 440]

 -> (artifact id: 'b5784219ba06b98fc76cb2b4c6d9b6d1') in 0.081482 seconds 
  Import took 0.085231 seconds .

========================================================================
Received Import Request.
  Time since last request: 49.243608 seconds.
  path: Assets/Materials/Fish3.0.png
  artifactKey: Guid(6320f5784f099124289481ac449d8ba0) Importer(815301076,1909f56bfc062723c751e8b465ee728b)
Start importing Assets/Materials/Fish3.0.png using Guid(6320f5784f099124289481ac449d8ba0) Importer(815301076,1909f56bfc062723c751e8b465ee728b)  -> (artifact id: '0fc79625fe1132d0f8c59f9620411393') in 0.018276 seconds 
  Import took 0.021749 seconds .

========================================================================
Received Import Request.
  Time since last request: 59.288445 seconds.
  path: Assets/Materials/fishing Pole Textures/fishing Pole_Fishing Pole_Height.png
  artifactKey: Guid(c6cf2b36595c33b4994ed43580daeb00) Importer(815301076,1909f56bfc062723c751e8b465ee728b)
Start importing Assets/Materials/fishing Pole Textures/fishing Pole_Fishing Pole_Height.png using Guid(c6cf2b36595c33b4994ed43580daeb00) Importer(815301076,1909f56bfc062723c751e8b465ee728b)  -> (artifact id: 'e4fe276c25926a97bd2474ecbf7f27b8') in 0.015197 seconds 
  Import took 0.018522 seconds .

========================================================================
Received Import Request.
  Time since last request: 0.057215 seconds.
  path: Assets/Materials/fishing Pole Textures/fishing Pole_Fishing Pole_Metallic.png
  artifactKey: Guid(f8dcbfd54dfc57746ab8aa0acc4f124f) Importer(815301076,1909f56bfc062723c751e8b465ee728b)
Start importing Assets/Materials/fishing Pole Textures/fishing Pole_Fishing Pole_Metallic.png using Guid(f8dcbfd54dfc57746ab8aa0acc4f124f) Importer(815301076,1909f56bfc062723c751e8b465ee728b)  -> (artifact id: 'e6ad883daf86f9542ed5f6a244e6b7b8') in 0.013380 seconds 
  Import took 0.016556 seconds .

========================================================================
Received Import Request.
  Time since last request: 154.975428 seconds.
  path: Assets/Prefab/Background_illustrations/Materials/arcticwalk_oceanglaciers.mat
  artifactKey: Guid(39ec067e9746cf24db39b582927f87de) Importer(815301076,1909f56bfc062723c751e8b465ee728b)
Start importing Assets/Prefab/Background_illustrations/Materials/arcticwalk_oceanglaciers.mat using Guid(39ec067e9746cf24db39b582927f87de) Importer(815301076,1909f56bfc062723c751e8b465ee728b)  -> (artifact id: '1e3c2e45851e44a5e24e0953a80e737a') in 0.039772 seconds 
  Import took 0.043473 seconds .

========================================================================
Received Import Request.
  Time since last request: 0.000264 seconds.
  path: Assets/Materials/defaultMat.mat
  artifactKey: Guid(482aca26ebe5f184c8119c737097b769) Importer(815301076,1909f56bfc062723c751e8b465ee728b)
Start importing Assets/Materials/defaultMat.mat using Guid(482aca26ebe5f184c8119c737097b769) Importer(815301076,1909f56bfc062723c751e8b465ee728b)  -> (artifact id: '9a6528f6a388bb3bb49cee09ebb6a0df') in 0.015921 seconds 
  Import took 0.019199 seconds .

========================================================================
Received Import Request.
  Time since last request: 0.000183 seconds.
  path: Assets/Materials/Branch.mat
  artifactKey: Guid(953f7cc97babbda45b0e06c008e6add6) Importer(815301076,1909f56bfc062723c751e8b465ee728b)
Start importing Assets/Materials/Branch.mat using Guid(953f7cc97babbda45b0e06c008e6add6) Importer(815301076,1909f56bfc062723c751e8b465ee728b)  -> (artifact id: '2f035f0bab8647f57cd6cae7d11572f4') in 0.018076 seconds 
  Import took 0.020987 seconds .

AssetImportWorkerClient::OnTransportError - code=2 error=End of file
